000 (4627667.000.000) 2025-11-20 12:01:18 Job submitted from host: <128.105.68.113:9618?addrs=128.105.68.113-9618+[2607-f388-2200-100-eaeb-d3ff-fea7-d05e]-9618&alias=ap2002.chtc.wisc.edu&noUDP&sock=schedd_7716_1cd9>
...
040 (4627667.000.000) 2025-11-20 12:11:34 Started transferring input files
	Transferring to host: <128.104.100.169:9618?addrs=128.104.100.169-9618+[2607-f388-107c-501-ae1f-6bff-fea4-d980]-9618&alias=patel0000.chtc.wisc.edu&noUDP&sock=slot1_1_1988992_8beb_55267>
...
040 (4627667.000.000) 2025-11-20 12:11:41 Finished transferring input files
...
001 (4627667.000.000) 2025-11-20 12:11:41 Job executing on host: <128.104.100.169:9618?addrs=128.104.100.169-9618+[2607-f388-107c-501-ae1f-6bff-fea4-d980]-9618&alias=patel0000.chtc.wisc.edu&noUDP&sock=startd_2176109_59fb>
	SlotName: slot1_1@patel0000.chtc.wisc.edu
	AvailableGPUs = { GPUs_GPU_b1274dcc }
	CondorScratchDir = "/var/lib/condor/execute/slot1/dir_3054888/scratch"
	Cpus = 8
	Disk = 41943040
	GPUs = 1
	GPUs_GPU_b1274dcc = [ Id = "GPU-b1274dcc"; Capability = 7.5; DeviceName = "Quadro RTX 8000"; DeviceUuid = "b1274dcc-ae90-f117-0ee9-4ced156e7ca0"; ECCEnabled = false; NvidiaDriver = "550.90.07"; DriverVersion = 12.4; DevicePciBusId = "0000:25:00.0"; GlobalMemoryMb = 48586; MaxSupportedVersion = 12040 ]
	IoHeavy = 0
	Memory = 24576
...
006 (4627667.000.000) 2025-11-20 12:11:49 Image size of job updated: 72
	72  -  MemoryUsage of job (MB)
	73924  -  ResidentSetSize of job (KB)
...
006 (4627667.000.000) 2025-11-20 12:16:49 Image size of job updated: 633
	633  -  MemoryUsage of job (MB)
	649120  -  ResidentSetSize of job (KB)
...
006 (4627667.000.000) 2025-11-20 12:21:50 Image size of job updated: 2328
	2328  -  MemoryUsage of job (MB)
	2384832  -  ResidentSetSize of job (KB)
...
006 (4627667.000.000) 2025-11-20 12:31:52 Image size of job updated: 2338
	2338  -  MemoryUsage of job (MB)
	2394456  -  ResidentSetSize of job (KB)
...
040 (4627667.000.000) 2025-11-20 12:32:07 Started transferring output files
...
040 (4627667.000.000) 2025-11-20 12:32:07 Finished transferring output files
...
005 (4627667.000.000) 2025-11-20 12:32:10 Job terminated.
	(1) Normal termination (return value 0)
		Usr 0 00:20:19, Sys 0 00:15:15  -  Run Remote Usage
		Usr 0 00:00:00, Sys 0 00:00:00  -  Run Local Usage
		Usr 0 00:20:19, Sys 0 00:15:15  -  Total Remote Usage
		Usr 0 00:00:00, Sys 0 00:00:00  -  Total Local Usage
	1689571  -  Run Bytes Sent By Job
	2268168318  -  Run Bytes Received By Job
	1689571  -  Total Bytes Sent By Job
	2268168318  -  Total Bytes Received By Job
	Partitionable Resources :      Usage  Request Allocated Assigned
	   Cpus                 :       0.00        8         8 
	   Disk (KB)            : 5783060    41943040  41943040 
	   GPUs                 :                   1         1 "GPU-b1274dcc"
	   GpusMemory (MB)      :    6636                       
	   IoHeavy              :                             0 
	   Memory (MB)          :    2338       24576     24576 
	   TimeExecute (s)      :    1226                       
	   TimeSlotBusy (s)     :    1235                       
...
