000 (4627674.000.000) 2025-11-20 12:35:17 Job submitted from host: <128.105.68.113:9618?addrs=128.105.68.113-9618+[2607-f388-2200-100-eaeb-d3ff-fea7-d05e]-9618&alias=ap2002.chtc.wisc.edu&noUDP&sock=schedd_7716_1cd9>
...
000 (4627674.001.000) 2025-11-20 12:35:17 Job submitted from host: <128.105.68.113:9618?addrs=128.105.68.113-9618+[2607-f388-2200-100-eaeb-d3ff-fea7-d05e]-9618&alias=ap2002.chtc.wisc.edu&noUDP&sock=schedd_7716_1cd9>
...
040 (4627674.000.000) 2025-11-21 05:47:57 Started transferring input files
	Transferring to host: <128.104.100.169:9618?addrs=128.104.100.169-9618+[2607-f388-107c-501-ae1f-6bff-fea4-d980]-9618&alias=patel0000.chtc.wisc.edu&noUDP&sock=slot1_1_1988992_8beb_56809>
...
040 (4627674.000.000) 2025-11-21 05:48:04 Finished transferring input files
...
001 (4627674.000.000) 2025-11-21 05:48:04 Job executing on host: <128.104.100.169:9618?addrs=128.104.100.169-9618+[2607-f388-107c-501-ae1f-6bff-fea4-d980]-9618&alias=patel0000.chtc.wisc.edu&noUDP&sock=startd_2176109_59fb>
	SlotName: slot1_1@patel0000.chtc.wisc.edu
	AvailableGPUs = { GPUs_GPU_b1274dcc }
	CondorScratchDir = "/var/lib/condor/execute/slot1/dir_3397471/scratch"
	Cpus = 8
	Disk = 41943040
	GPUs = 1
	GPUs_GPU_b1274dcc = [ Id = "GPU-b1274dcc"; Capability = 7.5; DeviceName = "Quadro RTX 8000"; DeviceUuid = "b1274dcc-ae90-f117-0ee9-4ced156e7ca0"; ECCEnabled = false; NvidiaDriver = "550.90.07"; DriverVersion = 12.4; DevicePciBusId = "0000:25:00.0"; GlobalMemoryMb = 48586; MaxSupportedVersion = 12040 ]
	IoHeavy = 0
	Memory = 24576
...
006 (4627674.000.000) 2025-11-21 05:48:12 Image size of job updated: 68
	68  -  MemoryUsage of job (MB)
	70492  -  ResidentSetSize of job (KB)
...
006 (4627674.000.000) 2025-11-21 05:53:12 Image size of job updated: 612
	612  -  MemoryUsage of job (MB)
	626792  -  ResidentSetSize of job (KB)
...
006 (4627674.000.000) 2025-11-21 05:58:12 Image size of job updated: 3929
	3929  -  MemoryUsage of job (MB)
	4023856  -  ResidentSetSize of job (KB)
...
006 (4627674.000.000) 2025-11-21 06:08:12 Image size of job updated: 4165
	4165  -  MemoryUsage of job (MB)
	4265896  -  ResidentSetSize of job (KB)
...
040 (4627674.000.000) 2025-11-21 06:09:31 Started transferring output files
...
040 (4627674.000.000) 2025-11-21 06:09:31 Finished transferring output files
...
005 (4627674.000.000) 2025-11-21 06:09:35 Job terminated.
	(1) Normal termination (return value 0)
		Usr 0 00:23:17, Sys 0 00:01:39  -  Run Remote Usage
		Usr 0 00:00:00, Sys 0 00:00:00  -  Run Local Usage
		Usr 0 00:23:17, Sys 0 00:01:39  -  Total Remote Usage
		Usr 0 00:00:00, Sys 0 00:00:00  -  Total Local Usage
	1755671  -  Run Bytes Sent By Job
	2268210038  -  Run Bytes Received By Job
	1755671  -  Total Bytes Sent By Job
	2268210038  -  Total Bytes Received By Job
	Partitionable Resources :      Usage  Request Allocated Assigned
	   Cpus                 :       0           8         8 
	   Disk (KB)            : 5783744    41943040  41943040 
	   GPUs                 :       0.55        1         1 "GPU-b1274dcc"
	   GpusMemory (MB)      :   12710                       
	   IoHeavy              :                             0 
	   Memory (MB)          :    4165       24576     24576 
	   TimeExecute (s)      :    1287                       
	   TimeSlotBusy (s)     :    1296                       
...
040 (4627674.001.000) 2025-11-21 06:09:36 Started transferring input files
	Transferring to host: <128.104.100.169:9618?addrs=128.104.100.169-9618+[2607-f388-107c-501-ae1f-6bff-fea4-d980]-9618&alias=patel0000.chtc.wisc.edu&noUDP&sock=slot1_1_1988992_8beb_56838>
...
040 (4627674.001.000) 2025-11-21 06:09:44 Finished transferring input files
...
001 (4627674.001.000) 2025-11-21 06:09:44 Job executing on host: <128.104.100.169:9618?addrs=128.104.100.169-9618+[2607-f388-107c-501-ae1f-6bff-fea4-d980]-9618&alias=patel0000.chtc.wisc.edu&noUDP&sock=startd_2176109_59fb>
	SlotName: slot1_1@patel0000.chtc.wisc.edu
	AvailableGPUs = { GPUs_GPU_b1274dcc }
	CondorScratchDir = "/var/lib/condor/execute/slot1/dir_3402769/scratch"
	Cpus = 8
	Disk = 41943040
	GPUs = 1
	GPUs_GPU_b1274dcc = [ Id = "GPU-b1274dcc"; Capability = 7.5; DeviceName = "Quadro RTX 8000"; DeviceUuid = "b1274dcc-ae90-f117-0ee9-4ced156e7ca0"; ECCEnabled = false; NvidiaDriver = "550.90.07"; DriverVersion = 12.4; DevicePciBusId = "0000:25:00.0"; GlobalMemoryMb = 48586; MaxSupportedVersion = 12040 ]
	IoHeavy = 0
	Memory = 24576
...
006 (4627674.001.000) 2025-11-21 06:09:52 Image size of job updated: 71
	71  -  MemoryUsage of job (MB)
	72736  -  ResidentSetSize of job (KB)
...
006 (4627674.001.000) 2025-11-21 06:14:52 Image size of job updated: 638
	638  -  MemoryUsage of job (MB)
	653700  -  ResidentSetSize of job (KB)
...
006 (4627674.001.000) 2025-11-21 06:19:52 Image size of job updated: 2351
	2351  -  MemoryUsage of job (MB)
	2407936  -  ResidentSetSize of job (KB)
...
006 (4627674.001.000) 2025-11-21 06:29:52 Image size of job updated: 2373
	2373  -  MemoryUsage of job (MB)
	2430528  -  ResidentSetSize of job (KB)
...
040 (4627674.001.000) 2025-11-21 06:39:15 Started transferring output files
...
040 (4627674.001.000) 2025-11-21 06:39:15 Finished transferring output files
...
005 (4627674.001.000) 2025-11-21 06:39:18 Job terminated.
	(1) Normal termination (return value 0)
		Usr 0 00:28:56, Sys 0 00:25:36  -  Run Remote Usage
		Usr 0 00:00:00, Sys 0 00:00:00  -  Run Local Usage
		Usr 0 00:28:56, Sys 0 00:25:36  -  Total Remote Usage
		Usr 0 00:00:00, Sys 0 00:00:00  -  Total Local Usage
	1540133  -  Run Bytes Sent By Job
	2268210038  -  Run Bytes Received By Job
	1540133  -  Total Bytes Sent By Job
	2268210038  -  Total Bytes Received By Job
	Partitionable Resources :      Usage  Request Allocated Assigned
	   Cpus                 :       0.00        8         8 
	   Disk (KB)            : 5783132    41943040  41943040 
	   GPUs                 :       0.47        1         1 "GPU-b1274dcc"
	   GpusMemory (MB)      :   11644                       
	   IoHeavy              :                             0 
	   Memory (MB)          :    2373       24576     24576 
	   TimeExecute (s)      :    1771                       
	   TimeSlotBusy (s)     :    1780                       
...
