Python 3.10.14
Defaulting to user installation because normal site-packages is not writeable
Requirement already satisfied: pip in /opt/conda/lib/python3.10/site-packages (24.0)
Collecting pip
  Downloading pip-25.3-py3-none-any.whl.metadata (4.7 kB)
Downloading pip-25.3-py3-none-any.whl (1.8 MB)
   ━━━━━━━━━━━━━━━━━━━━━━━━━━━━━━━━━━━━━━━━ 1.8/1.8 MB 16.5 MB/s eta 0:00:00
Installing collected packages: pip
Successfully installed pip-25.3
Defaulting to user installation because normal site-packages is not writeable
Requirement already satisfied: numpy==1.26.4 in /opt/conda/lib/python3.10/site-packages (1.26.4)
Collecting pandas
  Downloading pandas-2.3.3-cp310-cp310-manylinux_2_24_x86_64.manylinux_2_28_x86_64.whl.metadata (91 kB)
Collecting astropy==6.0.1
  Downloading astropy-6.0.1-cp310-cp310-manylinux_2_17_x86_64.manylinux2014_x86_64.whl.metadata (9.8 kB)
Collecting scikit-learn
  Downloading scikit_learn-1.7.2-cp310-cp310-manylinux2014_x86_64.manylinux_2_17_x86_64.whl.metadata (11 kB)
Collecting matplotlib==3.8.4
  Downloading matplotlib-3.8.4-cp310-cp310-manylinux_2_17_x86_64.manylinux2014_x86_64.whl.metadata (5.8 kB)
Collecting pyerfa>=2.0.1.1 (from astropy==6.0.1)
  Downloading pyerfa-2.0.1.5-cp39-abi3-manylinux_2_17_x86_64.manylinux2014_x86_64.whl.metadata (5.7 kB)
Collecting astropy-iers-data>=0.2024.2.26.0.28.55 (from astropy==6.0.1)
  Downloading astropy_iers_data-0.2025.11.10.0.38.31-py3-none-any.whl.metadata (3.4 kB)
Requirement already satisfied: PyYAML>=3.13 in /opt/conda/lib/python3.10/site-packages (from astropy==6.0.1) (6.0.1)
Requirement already satisfied: packaging>=19.0 in /opt/conda/lib/python3.10/site-packages (from astropy==6.0.1) (23.2)
Collecting contourpy>=1.0.1 (from matplotlib==3.8.4)
  Downloading contourpy-1.3.2-cp310-cp310-manylinux_2_17_x86_64.manylinux2014_x86_64.whl.metadata (5.5 kB)
Collecting cycler>=0.10 (from matplotlib==3.8.4)
  Downloading cycler-0.12.1-py3-none-any.whl.metadata (3.8 kB)
Collecting fonttools>=4.22.0 (from matplotlib==3.8.4)
  Downloading fonttools-4.60.1-cp310-cp310-manylinux2014_x86_64.manylinux_2_17_x86_64.whl.metadata (112 kB)
Collecting kiwisolver>=1.3.1 (from matplotlib==3.8.4)
  Downloading kiwisolver-1.4.9-cp310-cp310-manylinux_2_12_x86_64.manylinux2010_x86_64.whl.metadata (6.3 kB)
Requirement already satisfied: pillow>=8 in /opt/conda/lib/python3.10/site-packages (from matplotlib==3.8.4) (10.3.0)
Collecting pyparsing>=2.3.1 (from matplotlib==3.8.4)
  Downloading pyparsing-3.2.5-py3-none-any.whl.metadata (5.0 kB)
Collecting python-dateutil>=2.7 (from matplotlib==3.8.4)
  Downloading python_dateutil-2.9.0.post0-py2.py3-none-any.whl.metadata (8.4 kB)
Requirement already satisfied: pytz>=2020.1 in /opt/conda/lib/python3.10/site-packages (from pandas) (2024.1)
Collecting tzdata>=2022.7 (from pandas)
  Downloading tzdata-2025.2-py2.py3-none-any.whl.metadata (1.4 kB)
Collecting scipy>=1.8.0 (from scikit-learn)
  Downloading scipy-1.15.3-cp310-cp310-manylinux_2_17_x86_64.manylinux2014_x86_64.whl.metadata (61 kB)
Collecting joblib>=1.2.0 (from scikit-learn)
  Downloading joblib-1.5.2-py3-none-any.whl.metadata (5.6 kB)
Collecting threadpoolctl>=3.1.0 (from scikit-learn)
  Downloading threadpoolctl-3.6.0-py3-none-any.whl.metadata (13 kB)
Requirement already satisfied: six>=1.5 in /opt/conda/lib/python3.10/site-packages (from python-dateutil>=2.7->matplotlib==3.8.4) (1.16.0)
Downloading astropy-6.0.1-cp310-cp310-manylinux_2_17_x86_64.manylinux2014_x86_64.whl (10.1 MB)
   ━━━━━━━━━━━━━━━━━━━━━━━━━━━━━━━━━━━━━━━━ 10.1/10.1 MB 30.7 MB/s  0:00:00
Downloading matplotlib-3.8.4-cp310-cp310-manylinux_2_17_x86_64.manylinux2014_x86_64.whl (11.6 MB)
   ━━━━━━━━━━━━━━━━━━━━━━━━━━━━━━━━━━━━━━━━ 11.6/11.6 MB 123.8 MB/s  0:00:00
Downloading pandas-2.3.3-cp310-cp310-manylinux_2_24_x86_64.manylinux_2_28_x86_64.whl (12.8 MB)
   ━━━━━━━━━━━━━━━━━━━━━━━━━━━━━━━━━━━━━━━━ 12.8/12.8 MB 108.5 MB/s  0:00:00
Downloading scikit_learn-1.7.2-cp310-cp310-manylinux2014_x86_64.manylinux_2_17_x86_64.whl (9.7 MB)
   ━━━━━━━━━━━━━━━━━━━━━━━━━━━━━━━━━━━━━━━━ 9.7/9.7 MB 157.9 MB/s  0:00:00
Downloading astropy_iers_data-0.2025.11.10.0.38.31-py3-none-any.whl (2.0 MB)
   ━━━━━━━━━━━━━━━━━━━━━━━━━━━━━━━━━━━━━━━━ 2.0/2.0 MB 221.4 MB/s  0:00:00
Downloading contourpy-1.3.2-cp310-cp310-manylinux_2_17_x86_64.manylinux2014_x86_64.whl (325 kB)
Downloading cycler-0.12.1-py3-none-any.whl (8.3 kB)
Downloading fonttools-4.60.1-cp310-cp310-manylinux2014_x86_64.manylinux_2_17_x86_64.whl (4.8 MB)
   ━━━━━━━━━━━━━━━━━━━━━━━━━━━━━━━━━━━━━━━━ 4.8/4.8 MB 136.1 MB/s  0:00:00
Downloading joblib-1.5.2-py3-none-any.whl (308 kB)
Downloading kiwisolver-1.4.9-cp310-cp310-manylinux_2_12_x86_64.manylinux2010_x86_64.whl (1.6 MB)
   ━━━━━━━━━━━━━━━━━━━━━━━━━━━━━━━━━━━━━━━━ 1.6/1.6 MB 155.7 MB/s  0:00:00
Downloading pyerfa-2.0.1.5-cp39-abi3-manylinux_2_17_x86_64.manylinux2014_x86_64.whl (738 kB)
   ━━━━━━━━━━━━━━━━━━━━━━━━━━━━━━━━━━━━━━━━ 738.7/738.7 kB 307.0 MB/s  0:00:00
Downloading pyparsing-3.2.5-py3-none-any.whl (113 kB)
Downloading python_dateutil-2.9.0.post0-py2.py3-none-any.whl (229 kB)
Downloading scipy-1.15.3-cp310-cp310-manylinux_2_17_x86_64.manylinux2014_x86_64.whl (37.7 MB)
   ━━━━━━━━━━━━━━━━━━━━━━━━━━━━━━━━━━━━━━━━ 37.7/37.7 MB 125.2 MB/s  0:00:00
Downloading threadpoolctl-3.6.0-py3-none-any.whl (18 kB)
Downloading tzdata-2025.2-py2.py3-none-any.whl (347 kB)
Installing collected packages: tzdata, threadpoolctl, scipy, python-dateutil, pyparsing, pyerfa, kiwisolver, joblib, fonttools, cycler, contourpy, astropy-iers-data, scikit-learn, pandas, matplotlib, astropy

Successfully installed astropy-6.0.1 astropy-iers-data-0.2025.11.10.0.38.31 contourpy-1.3.2 cycler-0.12.1 fonttools-4.60.1 joblib-1.5.2 kiwisolver-1.4.9 matplotlib-3.8.4 pandas-2.3.3 pyerfa-2.0.1.5 pyparsing-3.2.5 python-dateutil-2.9.0.post0 scikit-learn-1.7.2 scipy-1.15.3 threadpoolctl-3.6.0 tzdata-2025.2
[run.sh] running ml_2.py (tag=ml_2)
Device: cuda
finish loading data
[Stratify] 3x3 bins OK (min=19, max=24347)
Split sizes -> train=61302, val=10818, test=12728
Baseline RMSE (val) — RHI 0.1738, fcnm 0.1737
Epoch 001 | train 1.4791 (RMSE RHI=0.1694, fcnm=0.1704) | val 1.4455 (RMSE RHI=0.1709, fcnm=0.1704) | lr=0.005
Epoch 002 | train 1.4484 (RMSE RHI=0.1696, fcnm=0.1704) | val 1.4450 (RMSE RHI=0.1707, fcnm=0.1706) | lr=0.005
Epoch 003 | train 1.4202 (RMSE RHI=0.1695, fcnm=0.1705) | val 1.4460 (RMSE RHI=0.1708, fcnm=0.1706) | lr=0.005
Epoch 004 | train 1.4420 (RMSE RHI=0.1697, fcnm=0.1697) | val 1.4159 (RMSE RHI=0.1690, fcnm=0.1689) | lr=0.005
Epoch 005 | train 1.4171 (RMSE RHI=0.1690, fcnm=0.1697) | val 1.4029 (RMSE RHI=0.1680, fcnm=0.1684) | lr=0.005
Epoch 006 | train 1.3809 (RMSE RHI=0.1709, fcnm=0.1708) | val 1.4242 (RMSE RHI=0.1696, fcnm=0.1691) | lr=0.005
Epoch 007 | train 1.3980 (RMSE RHI=0.1674, fcnm=0.1686) | val 1.3946 (RMSE RHI=0.1676, fcnm=0.1679) | lr=0.005
Epoch 008 | train 1.4086 (RMSE RHI=0.1686, fcnm=0.1686) | val 1.3985 (RMSE RHI=0.1680, fcnm=0.1677) | lr=0.005
Epoch 009 | train 1.3819 (RMSE RHI=0.1654, fcnm=0.1679) | val 1.3865 (RMSE RHI=0.1671, fcnm=0.1674) | lr=0.005
Epoch 010 | train 1.3824 (RMSE RHI=0.1658, fcnm=0.1673) | val 1.3734 (RMSE RHI=0.1662, fcnm=0.1669) | lr=0.005
Epoch 011 | train 1.3708 (RMSE RHI=0.1655, fcnm=0.1672) | val 1.3612 (RMSE RHI=0.1654, fcnm=0.1661) | lr=0.005
Epoch 012 | train 1.3639 (RMSE RHI=0.1644, fcnm=0.1660) | val 1.3532 (RMSE RHI=0.1650, fcnm=0.1656) | lr=0.005
Epoch 013 | train 1.3533 (RMSE RHI=0.1640, fcnm=0.1667) | val 1.3568 (RMSE RHI=0.1652, fcnm=0.1658) | lr=0.005
Epoch 014 | train 1.3652 (RMSE RHI=0.1643, fcnm=0.1667) | val 1.3713 (RMSE RHI=0.1662, fcnm=0.1665) | lr=0.005
Epoch 015 | train 1.3441 (RMSE RHI=0.1615, fcnm=0.1647) | val 1.3434 (RMSE RHI=0.1642, fcnm=0.1652) | lr=0.005
Epoch 016 | train 1.3567 (RMSE RHI=0.1654, fcnm=0.1675) | val 1.4029 (RMSE RHI=0.1678, fcnm=0.1689) | lr=0.005
Epoch 017 | train 1.3277 (RMSE RHI=0.1631, fcnm=0.1654) | val 1.3549 (RMSE RHI=0.1651, fcnm=0.1656) | lr=0.005
Epoch 018 | train 1.3237 (RMSE RHI=0.1634, fcnm=0.1659) | val 1.3475 (RMSE RHI=0.1645, fcnm=0.1654) | lr=0.005
Epoch 019 | train 1.3442 (RMSE RHI=0.1630, fcnm=0.1649) | val 1.3426 (RMSE RHI=0.1643, fcnm=0.1650) | lr=0.005
Epoch 020 | train 1.3579 (RMSE RHI=0.1626, fcnm=0.1658) | val 1.3463 (RMSE RHI=0.1645, fcnm=0.1652) | lr=0.005
Epoch 021 | train 1.3320 (RMSE RHI=0.1612, fcnm=0.1651) | val 1.3413 (RMSE RHI=0.1641, fcnm=0.1652) | lr=0.005
Epoch 022 | train 1.3292 (RMSE RHI=0.1638, fcnm=0.1657) | val 1.3332 (RMSE RHI=0.1637, fcnm=0.1643) | lr=0.005
Epoch 023 | train 1.3180 (RMSE RHI=0.1626, fcnm=0.1642) | val 1.3323 (RMSE RHI=0.1637, fcnm=0.1642) | lr=0.005
Epoch 024 | train 1.3375 (RMSE RHI=0.1613, fcnm=0.1642) | val 1.3262 (RMSE RHI=0.1633, fcnm=0.1640) | lr=0.005
Epoch 025 | train 1.3124 (RMSE RHI=0.1612, fcnm=0.1634) | val 1.3176 (RMSE RHI=0.1628, fcnm=0.1633) | lr=0.005
Epoch 026 | train 1.2780 (RMSE RHI=0.1605, fcnm=0.1623) | val 1.3043 (RMSE RHI=0.1620, fcnm=0.1625) | lr=0.005
Epoch 027 | train 1.3154 (RMSE RHI=0.1612, fcnm=0.1634) | val 1.3074 (RMSE RHI=0.1620, fcnm=0.1629) | lr=0.005
Epoch 028 | train 1.3039 (RMSE RHI=0.1597, fcnm=0.1629) | val 1.3088 (RMSE RHI=0.1622, fcnm=0.1629) | lr=0.005
Epoch 029 | train 1.3053 (RMSE RHI=0.1604, fcnm=0.1618) | val 1.2945 (RMSE RHI=0.1614, fcnm=0.1619) | lr=0.005
Epoch 030 | train 1.2886 (RMSE RHI=0.1584, fcnm=0.1613) | val 1.2926 (RMSE RHI=0.1612, fcnm=0.1619) | lr=0.005
Epoch 031 | train 1.3030 (RMSE RHI=0.1611, fcnm=0.1618) | val 1.2933 (RMSE RHI=0.1612, fcnm=0.1620) | lr=0.005
Epoch 032 | train 1.2999 (RMSE RHI=0.1601, fcnm=0.1625) | val 1.2957 (RMSE RHI=0.1613, fcnm=0.1622) | lr=0.005
Epoch 033 | train 1.2726 (RMSE RHI=0.1595, fcnm=0.1622) | val 1.2974 (RMSE RHI=0.1614, fcnm=0.1623) | lr=0.005
Epoch 034 | train 1.2842 (RMSE RHI=0.1572, fcnm=0.1604) | val 1.2789 (RMSE RHI=0.1603, fcnm=0.1611) | lr=0.005
Epoch 035 | train 1.2743 (RMSE RHI=0.1610, fcnm=0.1625) | val 1.3133 (RMSE RHI=0.1627, fcnm=0.1627) | lr=0.005
Epoch 036 | train 1.2822 (RMSE RHI=0.1593, fcnm=0.1612) | val 1.2856 (RMSE RHI=0.1607, fcnm=0.1616) | lr=0.005
Epoch 037 | train 1.2623 (RMSE RHI=0.1575, fcnm=0.1596) | val 1.2786 (RMSE RHI=0.1603, fcnm=0.1611) | lr=0.005
Epoch 038 | train 1.2688 (RMSE RHI=0.1583, fcnm=0.1617) | val 1.2869 (RMSE RHI=0.1609, fcnm=0.1615) | lr=0.005
Epoch 039 | train 1.2576 (RMSE RHI=0.1574, fcnm=0.1601) | val 1.2605 (RMSE RHI=0.1590, fcnm=0.1602) | lr=0.005
Epoch 040 | train 1.2541 (RMSE RHI=0.1573, fcnm=0.1594) | val 1.2868 (RMSE RHI=0.1610, fcnm=0.1612) | lr=0.005
Epoch 041 | train 1.2472 (RMSE RHI=0.1567, fcnm=0.1595) | val 1.2815 (RMSE RHI=0.1607, fcnm=0.1608) | lr=0.005
Epoch 042 | train 1.2560 (RMSE RHI=0.1577, fcnm=0.1602) | val 1.2680 (RMSE RHI=0.1595, fcnm=0.1606) | lr=0.005
Epoch 043 | train 1.2315 (RMSE RHI=0.1560, fcnm=0.1593) | val 1.2709 (RMSE RHI=0.1597, fcnm=0.1608) | lr=0.005
Epoch 044 | train 1.2365 (RMSE RHI=0.1562, fcnm=0.1589) | val 1.2683 (RMSE RHI=0.1597, fcnm=0.1603) | lr=0.005
Epoch 045 | train 1.2331 (RMSE RHI=0.1561, fcnm=0.1588) | val 1.2617 (RMSE RHI=0.1592, fcnm=0.1601) | lr=0.005
Epoch 046 | train 1.2388 (RMSE RHI=0.1571, fcnm=0.1582) | val 1.2740 (RMSE RHI=0.1601, fcnm=0.1606) | lr=0.005
Epoch 047 | train 1.2211 (RMSE RHI=0.1551, fcnm=0.1588) | val 1.2697 (RMSE RHI=0.1599, fcnm=0.1602) | lr=0.005
Epoch 048 | train 1.2251 (RMSE RHI=0.1536, fcnm=0.1558) | val 1.2500 (RMSE RHI=0.1586, fcnm=0.1591) | lr=0.005
Epoch 049 | train 1.2482 (RMSE RHI=0.1541, fcnm=0.1572) | val 1.2467 (RMSE RHI=0.1581, fcnm=0.1593) | lr=0.005
Epoch 050 | train 1.2238 (RMSE RHI=0.1549, fcnm=0.1575) | val 1.2503 (RMSE RHI=0.1583, fcnm=0.1597) | lr=0.005
Epoch 051 | train 1.1996 (RMSE RHI=0.1561, fcnm=0.1576) | val 1.2339 (RMSE RHI=0.1573, fcnm=0.1585) | lr=0.005
Epoch 052 | train 1.2256 (RMSE RHI=0.1529, fcnm=0.1561) | val 1.2367 (RMSE RHI=0.1577, fcnm=0.1584) | lr=0.005
Epoch 053 | train 1.2253 (RMSE RHI=0.1555, fcnm=0.1589) | val 1.2544 (RMSE RHI=0.1588, fcnm=0.1595) | lr=0.005
Epoch 054 | train 1.2091 (RMSE RHI=0.1524, fcnm=0.1566) | val 1.2377 (RMSE RHI=0.1575, fcnm=0.1588) | lr=0.005
Epoch 055 | train 1.1972 (RMSE RHI=0.1524, fcnm=0.1572) | val 1.2624 (RMSE RHI=0.1592, fcnm=0.1601) | lr=0.005
Epoch 056 | train 1.2050 (RMSE RHI=0.1526, fcnm=0.1565) | val 1.2412 (RMSE RHI=0.1578, fcnm=0.1589) | lr=0.005
Epoch 057 | train 1.1803 (RMSE RHI=0.1505, fcnm=0.1548) | val 1.2307 (RMSE RHI=0.1572, fcnm=0.1581) | lr=0.005
Epoch 058 | train 1.1961 (RMSE RHI=0.1524, fcnm=0.1563) | val 1.2222 (RMSE RHI=0.1567, fcnm=0.1575) | lr=0.005
Epoch 059 | train 1.1935 (RMSE RHI=0.1521, fcnm=0.1553) | val 1.2267 (RMSE RHI=0.1568, fcnm=0.1582) | lr=0.005
Epoch 060 | train 1.1745 (RMSE RHI=0.1517, fcnm=0.1550) | val 1.2141 (RMSE RHI=0.1560, fcnm=0.1574) | lr=0.005
Epoch 061 | train 1.1703 (RMSE RHI=0.1502, fcnm=0.1535) | val 1.2146 (RMSE RHI=0.1561, fcnm=0.1572) | lr=0.005
Epoch 062 | train 1.1918 (RMSE RHI=0.1525, fcnm=0.1553) | val 1.2411 (RMSE RHI=0.1579, fcnm=0.1588) | lr=0.005
Epoch 063 | train 1.1677 (RMSE RHI=0.1518, fcnm=0.1547) | val 1.2143 (RMSE RHI=0.1560, fcnm=0.1573) | lr=0.005
Epoch 064 | train 1.1754 (RMSE RHI=0.1492, fcnm=0.1541) | val 1.2196 (RMSE RHI=0.1565, fcnm=0.1575) | lr=0.005
Epoch 065 | train 1.1718 (RMSE RHI=0.1499, fcnm=0.1531) | val 1.2207 (RMSE RHI=0.1568, fcnm=0.1570) | lr=0.005
Epoch 066 | train 1.1679 (RMSE RHI=0.1501, fcnm=0.1532) | val 1.2250 (RMSE RHI=0.1570, fcnm=0.1575) | lr=0.005
Epoch 067 | train 1.1450 (RMSE RHI=0.1487, fcnm=0.1536) | val 1.2208 (RMSE RHI=0.1564, fcnm=0.1579) | lr=0.005
Epoch 068 | train 1.1492 (RMSE RHI=0.1496, fcnm=0.1525) | val 1.2012 (RMSE RHI=0.1551, fcnm=0.1567) | lr=0.005
Epoch 069 | train 1.1320 (RMSE RHI=0.1468, fcnm=0.1508) | val 1.2037 (RMSE RHI=0.1554, fcnm=0.1565) | lr=0.005
Epoch 070 | train 1.1311 (RMSE RHI=0.1469, fcnm=0.1513) | val 1.2074 (RMSE RHI=0.1555, fcnm=0.1570) | lr=0.005
Epoch 071 | train 1.1219 (RMSE RHI=0.1469, fcnm=0.1499) | val 1.2122 (RMSE RHI=0.1562, fcnm=0.1566) | lr=0.005
Epoch 072 | train 1.1366 (RMSE RHI=0.1483, fcnm=0.1519) | val 1.2032 (RMSE RHI=0.1556, fcnm=0.1560) | lr=0.005
Epoch 073 | train 1.1178 (RMSE RHI=0.1462, fcnm=0.1503) | val 1.2083 (RMSE RHI=0.1558, fcnm=0.1566) | lr=0.005
Epoch 074 | train 1.1467 (RMSE RHI=0.1475, fcnm=0.1510) | val 1.1892 (RMSE RHI=0.1545, fcnm=0.1555) | lr=0.005
Epoch 075 | train 1.1255 (RMSE RHI=0.1434, fcnm=0.1480) | val 1.1883 (RMSE RHI=0.1545, fcnm=0.1553) | lr=0.005
Epoch 076 | train 1.1125 (RMSE RHI=0.1461, fcnm=0.1496) | val 1.1910 (RMSE RHI=0.1544, fcnm=0.1560) | lr=0.005
Epoch 077 | train 1.1018 (RMSE RHI=0.1446, fcnm=0.1480) | val 1.1985 (RMSE RHI=0.1553, fcnm=0.1557) | lr=0.005
Epoch 078 | train 1.0934 (RMSE RHI=0.1425, fcnm=0.1475) | val 1.1804 (RMSE RHI=0.1539, fcnm=0.1550) | lr=0.005
Epoch 079 | train 1.0987 (RMSE RHI=0.1464, fcnm=0.1509) | val 1.2257 (RMSE RHI=0.1568, fcnm=0.1580) | lr=0.005
Epoch 080 | train 1.0800 (RMSE RHI=0.1432, fcnm=0.1485) | val 1.1964 (RMSE RHI=0.1550, fcnm=0.1558) | lr=0.005
Epoch 081 | train 1.0870 (RMSE RHI=0.1485, fcnm=0.1528) | val 1.2402 (RMSE RHI=0.1577, fcnm=0.1590) | lr=0.005
Epoch 082 | train 1.0840 (RMSE RHI=0.1453, fcnm=0.1492) | val 1.2123 (RMSE RHI=0.1562, fcnm=0.1565) | lr=0.005
Epoch 083 | train 1.0918 (RMSE RHI=0.1389, fcnm=0.1461) | val 1.1790 (RMSE RHI=0.1538, fcnm=0.1550) | lr=0.005
Epoch 084 | train 1.0823 (RMSE RHI=0.1408, fcnm=0.1465) | val 1.1922 (RMSE RHI=0.1547, fcnm=0.1556) | lr=0.005
Epoch 085 | train 1.0552 (RMSE RHI=0.1403, fcnm=0.1466) | val 1.1750 (RMSE RHI=0.1533, fcnm=0.1551) | lr=0.005
Epoch 086 | train 1.0614 (RMSE RHI=0.1411, fcnm=0.1464) | val 1.1900 (RMSE RHI=0.1545, fcnm=0.1556) | lr=0.005
Epoch 087 | train 1.0573 (RMSE RHI=0.1362, fcnm=0.1434) | val 1.1767 (RMSE RHI=0.1540, fcnm=0.1542) | lr=0.005
Epoch 088 | train 1.0257 (RMSE RHI=0.1414, fcnm=0.1461) | val 1.1985 (RMSE RHI=0.1551, fcnm=0.1562) | lr=0.005
Epoch 089 | train 1.0476 (RMSE RHI=0.1369, fcnm=0.1433) | val 1.1844 (RMSE RHI=0.1545, fcnm=0.1546) | lr=0.005
Epoch 090 | train 1.0304 (RMSE RHI=0.1406, fcnm=0.1450) | val 1.1802 (RMSE RHI=0.1540, fcnm=0.1548) | lr=0.005
Epoch 091 | train 1.0436 (RMSE RHI=0.1386, fcnm=0.1454) | val 1.2065 (RMSE RHI=0.1558, fcnm=0.1563) | lr=0.005
Epoch 092 | train 1.0206 (RMSE RHI=0.1368, fcnm=0.1424) | val 1.1607 (RMSE RHI=0.1527, fcnm=0.1535) | lr=0.005
Epoch 093 | train 1.0072 (RMSE RHI=0.1363, fcnm=0.1428) | val 1.1959 (RMSE RHI=0.1551, fcnm=0.1555) | lr=0.005
Epoch 094 | train 1.0148 (RMSE RHI=0.1377, fcnm=0.1451) | val 1.1863 (RMSE RHI=0.1542, fcnm=0.1556) | lr=0.005
Epoch 095 | train 1.0226 (RMSE RHI=0.1370, fcnm=0.1425) | val 1.2036 (RMSE RHI=0.1560, fcnm=0.1554) | lr=0.005
Epoch 096 | train 1.0183 (RMSE RHI=0.1343, fcnm=0.1405) | val 1.1704 (RMSE RHI=0.1536, fcnm=0.1535) | lr=0.005
Epoch 097 | train 1.0147 (RMSE RHI=0.1351, fcnm=0.1424) | val 1.1641 (RMSE RHI=0.1526, fcnm=0.1544) | lr=0.005
Epoch 098 | train 1.0121 (RMSE RHI=0.1347, fcnm=0.1408) | val 1.1883 (RMSE RHI=0.1548, fcnm=0.1547) | lr=0.005
Epoch 099 | train 0.9655 (RMSE RHI=0.1342, fcnm=0.1412) | val 1.1628 (RMSE RHI=0.1527, fcnm=0.1539) | lr=0.005
Epoch 100 | train 0.9911 (RMSE RHI=0.1308, fcnm=0.1394) | val 1.1630 (RMSE RHI=0.1528, fcnm=0.1539) | lr=0.005
Epoch 101 | train 0.9659 (RMSE RHI=0.1341, fcnm=0.1395) | val 1.1778 (RMSE RHI=0.1543, fcnm=0.1537) | lr=0.005
Epoch 102 | train 0.9625 (RMSE RHI=0.1313, fcnm=0.1394) | val 1.1916 (RMSE RHI=0.1550, fcnm=0.1549) | lr=0.005
Epoch 103 | train 0.9533 (RMSE RHI=0.1329, fcnm=0.1407) | val 1.1874 (RMSE RHI=0.1545, fcnm=0.1551) | lr=0.005
Epoch 104 | train 0.9500 (RMSE RHI=0.1331, fcnm=0.1401) | val 1.1907 (RMSE RHI=0.1547, fcnm=0.1555) | lr=0.005
Epoch 105 | train 0.9406 (RMSE RHI=0.1304, fcnm=0.1379) | val 1.1989 (RMSE RHI=0.1558, fcnm=0.1547) | lr=0.005
Epoch 106 | train 0.9373 (RMSE RHI=0.1284, fcnm=0.1363) | val 1.1752 (RMSE RHI=0.1539, fcnm=0.1539) | lr=0.005
Epoch 107 | train 0.9413 (RMSE RHI=0.1304, fcnm=0.1380) | val 1.1716 (RMSE RHI=0.1537, fcnm=0.1537) | lr=0.005
Epoch 108 | train 0.9284 (RMSE RHI=0.1277, fcnm=0.1358) | val 1.1837 (RMSE RHI=0.1547, fcnm=0.1540) | lr=0.005
Epoch 109 | train 0.9251 (RMSE RHI=0.1267, fcnm=0.1358) | val 1.1717 (RMSE RHI=0.1536, fcnm=0.1539) | lr=0.005
Epoch 110 | train 0.9319 (RMSE RHI=0.1258, fcnm=0.1352) | val 1.1765 (RMSE RHI=0.1540, fcnm=0.1540) | lr=0.005
Epoch 111 | train 0.9083 (RMSE RHI=0.1279, fcnm=0.1356) | val 1.1854 (RMSE RHI=0.1543, fcnm=0.1552) | lr=0.005
Epoch 112 | train 0.9097 (RMSE RHI=0.1254, fcnm=0.1351) | val 1.1682 (RMSE RHI=0.1535, fcnm=0.1533) | lr=0.005
Epoch 113 | train 0.9201 (RMSE RHI=0.1279, fcnm=0.1365) | val 1.1582 (RMSE RHI=0.1523, fcnm=0.1538) | lr=0.005
Epoch 114 | train 0.9029 (RMSE RHI=0.1248, fcnm=0.1344) | val 1.1888 (RMSE RHI=0.1547, fcnm=0.1551) | lr=0.005
Epoch 115 | train 0.9016 (RMSE RHI=0.1248, fcnm=0.1343) | val 1.1901 (RMSE RHI=0.1555, fcnm=0.1537) | lr=0.005
Epoch 116 | train 0.8999 (RMSE RHI=0.1221, fcnm=0.1328) | val 1.1658 (RMSE RHI=0.1533, fcnm=0.1532) | lr=0.005
Epoch 117 | train 0.8831 (RMSE RHI=0.1228, fcnm=0.1324) | val 1.1763 (RMSE RHI=0.1540, fcnm=0.1539) | lr=0.005
Epoch 118 | train 0.8785 (RMSE RHI=0.1221, fcnm=0.1317) | val 1.1813 (RMSE RHI=0.1544, fcnm=0.1542) | lr=0.005
Epoch 119 | train 0.8733 (RMSE RHI=0.1212, fcnm=0.1302) | val 1.1843 (RMSE RHI=0.1546, fcnm=0.1544) | lr=0.005
Epoch 120 | train 0.8669 (RMSE RHI=0.1210, fcnm=0.1315) | val 1.1659 (RMSE RHI=0.1531, fcnm=0.1538) | lr=0.005
Epoch 121 | train 0.8650 (RMSE RHI=0.1215, fcnm=0.1310) | val 1.2150 (RMSE RHI=0.1570, fcnm=0.1555) | lr=0.005
Epoch 122 | train 0.8529 (RMSE RHI=0.1188, fcnm=0.1306) | val 1.1782 (RMSE RHI=0.1542, fcnm=0.1539) | lr=0.005
Epoch 123 | train 0.8552 (RMSE RHI=0.1206, fcnm=0.1299) | val 1.2095 (RMSE RHI=0.1566, fcnm=0.1553) | lr=0.005
Epoch 124 | train 0.8587 (RMSE RHI=0.1211, fcnm=0.1313) | val 1.1789 (RMSE RHI=0.1541, fcnm=0.1542) | lr=0.005
Epoch 125 | train 0.8530 (RMSE RHI=0.1195, fcnm=0.1298) | val 1.1903 (RMSE RHI=0.1549, fcnm=0.1549) | lr=0.005
Epoch 126 | train 0.8237 (RMSE RHI=0.1142, fcnm=0.1269) | val 1.1670 (RMSE RHI=0.1533, fcnm=0.1536) | lr=0.005
Epoch 127 | train 0.8430 (RMSE RHI=0.1161, fcnm=0.1278) | val 1.1617 (RMSE RHI=0.1528, fcnm=0.1536) | lr=0.005
Epoch 128 | train 0.8162 (RMSE RHI=0.1178, fcnm=0.1282) | val 1.1848 (RMSE RHI=0.1548, fcnm=0.1541) | lr=0.005
Epoch 129 | train 0.8407 (RMSE RHI=0.1143, fcnm=0.1265) | val 1.1636 (RMSE RHI=0.1530, fcnm=0.1535) | lr=0.005
Epoch 130 | train 0.8291 (RMSE RHI=0.1145, fcnm=0.1255) | val 1.2080 (RMSE RHI=0.1566, fcnm=0.1550) | lr=0.005
Epoch 131 | train 0.8027 (RMSE RHI=0.1141, fcnm=0.1260) | val 1.1996 (RMSE RHI=0.1557, fcnm=0.1551) | lr=0.005
Epoch 132 | train 0.7979 (RMSE RHI=0.1133, fcnm=0.1257) | val 1.1747 (RMSE RHI=0.1538, fcnm=0.1541) | lr=0.005
Epoch 133 | train 0.8038 (RMSE RHI=0.1145, fcnm=0.1253) | val 1.1872 (RMSE RHI=0.1547, fcnm=0.1546) | lr=0.005
Epoch 134 | train 0.7898 (RMSE RHI=0.1155, fcnm=0.1263) | val 1.1776 (RMSE RHI=0.1539, fcnm=0.1544) | lr=0.0025
Epoch 135 | train 0.7503 (RMSE RHI=0.1064, fcnm=0.1203) | val 1.1642 (RMSE RHI=0.1531, fcnm=0.1534) | lr=0.0025
Epoch 136 | train 0.7336 (RMSE RHI=0.1052, fcnm=0.1198) | val 1.1794 (RMSE RHI=0.1543, fcnm=0.1540) | lr=0.0025
Epoch 137 | train 0.7356 (RMSE RHI=0.1047, fcnm=0.1197) | val 1.1685 (RMSE RHI=0.1534, fcnm=0.1537) | lr=0.0025
Epoch 138 | train 0.7195 (RMSE RHI=0.1024, fcnm=0.1177) | val 1.1701 (RMSE RHI=0.1535, fcnm=0.1537) | lr=0.0025
Epoch 139 | train 0.7098 (RMSE RHI=0.1034, fcnm=0.1176) | val 1.1673 (RMSE RHI=0.1533, fcnm=0.1536) | lr=0.0025
Epoch 140 | train 0.7239 (RMSE RHI=0.1020, fcnm=0.1163) | val 1.1766 (RMSE RHI=0.1539, fcnm=0.1542) | lr=0.0025
Epoch 141 | train 0.7217 (RMSE RHI=0.1023, fcnm=0.1173) | val 1.1782 (RMSE RHI=0.1540, fcnm=0.1543) | lr=0.0025
Epoch 142 | train 0.7052 (RMSE RHI=0.1025, fcnm=0.1181) | val 1.1678 (RMSE RHI=0.1535, fcnm=0.1532) | lr=0.0025
Epoch 143 | train 0.7092 (RMSE RHI=0.0998, fcnm=0.1156) | val 1.1763 (RMSE RHI=0.1542, fcnm=0.1536) | lr=0.0025
Early stopping.
Saved training log to: results/2_training_log20251120_023314.csv
Saved predictions to results/2_test_predictions.csv
Saved figure to: figs/2_pred_vs_true_20251120_023314.png
