Python 3.10.14
Defaulting to user installation because normal site-packages is not writeable
Requirement already satisfied: pip in /opt/conda/lib/python3.10/site-packages (24.0)
Collecting pip
  Downloading pip-25.3-py3-none-any.whl.metadata (4.7 kB)
Downloading pip-25.3-py3-none-any.whl (1.8 MB)
   ━━━━━━━━━━━━━━━━━━━━━━━━━━━━━━━━━━━━━━━━ 1.8/1.8 MB 16.0 MB/s eta 0:00:00
Installing collected packages: pip
Successfully installed pip-25.3
Defaulting to user installation because normal site-packages is not writeable
Requirement already satisfied: numpy==1.26.4 in /opt/conda/lib/python3.10/site-packages (1.26.4)
Collecting pandas
  Downloading pandas-2.3.3-cp310-cp310-manylinux_2_24_x86_64.manylinux_2_28_x86_64.whl.metadata (91 kB)
Collecting astropy==6.0.1
  Downloading astropy-6.0.1-cp310-cp310-manylinux_2_17_x86_64.manylinux2014_x86_64.whl.metadata (9.8 kB)
Collecting scikit-learn
  Downloading scikit_learn-1.7.2-cp310-cp310-manylinux2014_x86_64.manylinux_2_17_x86_64.whl.metadata (11 kB)
Collecting matplotlib==3.8.4
  Downloading matplotlib-3.8.4-cp310-cp310-manylinux_2_17_x86_64.manylinux2014_x86_64.whl.metadata (5.8 kB)
Collecting pyerfa>=2.0.1.1 (from astropy==6.0.1)
  Downloading pyerfa-2.0.1.5-cp39-abi3-manylinux_2_17_x86_64.manylinux2014_x86_64.whl.metadata (5.7 kB)
Collecting astropy-iers-data>=0.2024.2.26.0.28.55 (from astropy==6.0.1)
  Downloading astropy_iers_data-0.2025.11.10.0.38.31-py3-none-any.whl.metadata (3.4 kB)
Requirement already satisfied: PyYAML>=3.13 in /opt/conda/lib/python3.10/site-packages (from astropy==6.0.1) (6.0.1)
Requirement already satisfied: packaging>=19.0 in /opt/conda/lib/python3.10/site-packages (from astropy==6.0.1) (23.2)
Collecting contourpy>=1.0.1 (from matplotlib==3.8.4)
  Downloading contourpy-1.3.2-cp310-cp310-manylinux_2_17_x86_64.manylinux2014_x86_64.whl.metadata (5.5 kB)
Collecting cycler>=0.10 (from matplotlib==3.8.4)
  Downloading cycler-0.12.1-py3-none-any.whl.metadata (3.8 kB)
Collecting fonttools>=4.22.0 (from matplotlib==3.8.4)
  Downloading fonttools-4.60.1-cp310-cp310-manylinux2014_x86_64.manylinux_2_17_x86_64.whl.metadata (112 kB)
Collecting kiwisolver>=1.3.1 (from matplotlib==3.8.4)
  Downloading kiwisolver-1.4.9-cp310-cp310-manylinux_2_12_x86_64.manylinux2010_x86_64.whl.metadata (6.3 kB)
Requirement already satisfied: pillow>=8 in /opt/conda/lib/python3.10/site-packages (from matplotlib==3.8.4) (10.3.0)
Collecting pyparsing>=2.3.1 (from matplotlib==3.8.4)
  Downloading pyparsing-3.2.5-py3-none-any.whl.metadata (5.0 kB)
Collecting python-dateutil>=2.7 (from matplotlib==3.8.4)
  Downloading python_dateutil-2.9.0.post0-py2.py3-none-any.whl.metadata (8.4 kB)
Requirement already satisfied: pytz>=2020.1 in /opt/conda/lib/python3.10/site-packages (from pandas) (2024.1)
Collecting tzdata>=2022.7 (from pandas)
  Downloading tzdata-2025.2-py2.py3-none-any.whl.metadata (1.4 kB)
Collecting scipy>=1.8.0 (from scikit-learn)
  Downloading scipy-1.15.3-cp310-cp310-manylinux_2_17_x86_64.manylinux2014_x86_64.whl.metadata (61 kB)
Collecting joblib>=1.2.0 (from scikit-learn)
  Downloading joblib-1.5.2-py3-none-any.whl.metadata (5.6 kB)
Collecting threadpoolctl>=3.1.0 (from scikit-learn)
  Downloading threadpoolctl-3.6.0-py3-none-any.whl.metadata (13 kB)
Requirement already satisfied: six>=1.5 in /opt/conda/lib/python3.10/site-packages (from python-dateutil>=2.7->matplotlib==3.8.4) (1.16.0)
Downloading astropy-6.0.1-cp310-cp310-manylinux_2_17_x86_64.manylinux2014_x86_64.whl (10.1 MB)
   ━━━━━━━━━━━━━━━━━━━━━━━━━━━━━━━━━━━━━━━━ 10.1/10.1 MB 39.1 MB/s  0:00:00
Downloading matplotlib-3.8.4-cp310-cp310-manylinux_2_17_x86_64.manylinux2014_x86_64.whl (11.6 MB)
   ━━━━━━━━━━━━━━━━━━━━━━━━━━━━━━━━━━━━━━━━ 11.6/11.6 MB 115.3 MB/s  0:00:00
Downloading pandas-2.3.3-cp310-cp310-manylinux_2_24_x86_64.manylinux_2_28_x86_64.whl (12.8 MB)
   ━━━━━━━━━━━━━━━━━━━━━━━━━━━━━━━━━━━━━━━━ 12.8/12.8 MB 118.7 MB/s  0:00:00
Downloading scikit_learn-1.7.2-cp310-cp310-manylinux2014_x86_64.manylinux_2_17_x86_64.whl (9.7 MB)
   ━━━━━━━━━━━━━━━━━━━━━━━━━━━━━━━━━━━━━━━━ 9.7/9.7 MB 125.9 MB/s  0:00:00
Downloading astropy_iers_data-0.2025.11.10.0.38.31-py3-none-any.whl (2.0 MB)
   ━━━━━━━━━━━━━━━━━━━━━━━━━━━━━━━━━━━━━━━━ 2.0/2.0 MB 119.2 MB/s  0:00:00
Downloading contourpy-1.3.2-cp310-cp310-manylinux_2_17_x86_64.manylinux2014_x86_64.whl (325 kB)
Downloading cycler-0.12.1-py3-none-any.whl (8.3 kB)
Downloading fonttools-4.60.1-cp310-cp310-manylinux2014_x86_64.manylinux_2_17_x86_64.whl (4.8 MB)
   ━━━━━━━━━━━━━━━━━━━━━━━━━━━━━━━━━━━━━━━━ 4.8/4.8 MB 131.2 MB/s  0:00:00
Downloading joblib-1.5.2-py3-none-any.whl (308 kB)
Downloading kiwisolver-1.4.9-cp310-cp310-manylinux_2_12_x86_64.manylinux2010_x86_64.whl (1.6 MB)
   ━━━━━━━━━━━━━━━━━━━━━━━━━━━━━━━━━━━━━━━━ 1.6/1.6 MB 122.8 MB/s  0:00:00
Downloading pyerfa-2.0.1.5-cp39-abi3-manylinux_2_17_x86_64.manylinux2014_x86_64.whl (738 kB)
   ━━━━━━━━━━━━━━━━━━━━━━━━━━━━━━━━━━━━━━━━ 738.7/738.7 kB 123.9 MB/s  0:00:00
Downloading pyparsing-3.2.5-py3-none-any.whl (113 kB)
Downloading python_dateutil-2.9.0.post0-py2.py3-none-any.whl (229 kB)
Downloading scipy-1.15.3-cp310-cp310-manylinux_2_17_x86_64.manylinux2014_x86_64.whl (37.7 MB)
   ━━━━━━━━━━━━━━━━━━━━━━━━━━━━━━━━━━━━━━━━ 37.7/37.7 MB 124.2 MB/s  0:00:00
Downloading threadpoolctl-3.6.0-py3-none-any.whl (18 kB)
Downloading tzdata-2025.2-py2.py3-none-any.whl (347 kB)
Installing collected packages: tzdata, threadpoolctl, scipy, python-dateutil, pyparsing, pyerfa, kiwisolver, joblib, fonttools, cycler, contourpy, astropy-iers-data, scikit-learn, pandas, matplotlib, astropy

Successfully installed astropy-6.0.1 astropy-iers-data-0.2025.11.10.0.38.31 contourpy-1.3.2 cycler-0.12.1 fonttools-4.60.1 joblib-1.5.2 kiwisolver-1.4.9 matplotlib-3.8.4 pandas-2.3.3 pyerfa-2.0.1.5 pyparsing-3.2.5 python-dateutil-2.9.0.post0 scikit-learn-1.7.2 scipy-1.15.3 threadpoolctl-3.6.0 tzdata-2025.2
[run.sh] running ml_5.py (tag=ml_5)
Device: cuda
finish loading data
[Stratify] 3x3 bins OK (min=19, max=24347)
Split sizes -> train=61302, val=10818, test=12728
Baseline RMSE (val) — RHI 0.1738, fcnm 0.1737
Epoch 001 | train 1.4397 (RMSE RHI=0.1676, fcnm=0.1690) | val 1.4226 (RMSE RHI=0.1695, fcnm=0.1691) | lr=0.005
Epoch 002 | train 1.4005 (RMSE RHI=0.1691, fcnm=0.1689) | val 1.4113 (RMSE RHI=0.1687, fcnm=0.1686) | lr=0.005
Epoch 003 | train 1.4038 (RMSE RHI=0.1678, fcnm=0.1687) | val 1.3975 (RMSE RHI=0.1680, fcnm=0.1676) | lr=0.005
Epoch 004 | train 1.3911 (RMSE RHI=0.1662, fcnm=0.1678) | val 1.3935 (RMSE RHI=0.1678, fcnm=0.1673) | lr=0.005
Epoch 005 | train 1.3954 (RMSE RHI=0.1641, fcnm=0.1671) | val 1.3807 (RMSE RHI=0.1670, fcnm=0.1666) | lr=0.005
Epoch 006 | train 1.3659 (RMSE RHI=0.1657, fcnm=0.1676) | val 1.3804 (RMSE RHI=0.1668, fcnm=0.1668) | lr=0.005
Epoch 007 | train 1.3607 (RMSE RHI=0.1655, fcnm=0.1664) | val 1.3723 (RMSE RHI=0.1664, fcnm=0.1662) | lr=0.005
Epoch 008 | train 1.3530 (RMSE RHI=0.1652, fcnm=0.1664) | val 1.3758 (RMSE RHI=0.1666, fcnm=0.1664) | lr=0.005
Epoch 009 | train 1.3350 (RMSE RHI=0.1625, fcnm=0.1648) | val 1.3551 (RMSE RHI=0.1654, fcnm=0.1651) | lr=0.005
Epoch 010 | train 1.3411 (RMSE RHI=0.1691, fcnm=0.1704) | val 1.4379 (RMSE RHI=0.1707, fcnm=0.1694) | lr=0.005
Epoch 011 | train 1.3356 (RMSE RHI=0.1646, fcnm=0.1649) | val 1.3518 (RMSE RHI=0.1653, fcnm=0.1647) | lr=0.005
Epoch 012 | train 1.3245 (RMSE RHI=0.1630, fcnm=0.1638) | val 1.3198 (RMSE RHI=0.1630, fcnm=0.1632) | lr=0.005
Epoch 013 | train 1.3106 (RMSE RHI=0.1612, fcnm=0.1632) | val 1.3146 (RMSE RHI=0.1629, fcnm=0.1626) | lr=0.005
Epoch 014 | train 1.2935 (RMSE RHI=0.1605, fcnm=0.1626) | val 1.3044 (RMSE RHI=0.1620, fcnm=0.1624) | lr=0.005
Epoch 015 | train 1.3119 (RMSE RHI=0.1597, fcnm=0.1615) | val 1.3027 (RMSE RHI=0.1621, fcnm=0.1619) | lr=0.005
Epoch 016 | train 1.2919 (RMSE RHI=0.1571, fcnm=0.1608) | val 1.2921 (RMSE RHI=0.1612, fcnm=0.1617) | lr=0.005
Epoch 017 | train 1.2926 (RMSE RHI=0.1603, fcnm=0.1620) | val 1.3209 (RMSE RHI=0.1633, fcnm=0.1629) | lr=0.005
Epoch 018 | train 1.2864 (RMSE RHI=0.1640, fcnm=0.1655) | val 1.3688 (RMSE RHI=0.1660, fcnm=0.1663) | lr=0.005
Epoch 019 | train 1.3042 (RMSE RHI=0.1603, fcnm=0.1618) | val 1.2851 (RMSE RHI=0.1608, fcnm=0.1612) | lr=0.005
Epoch 020 | train 1.2658 (RMSE RHI=0.1587, fcnm=0.1609) | val 1.2757 (RMSE RHI=0.1602, fcnm=0.1607) | lr=0.005
Epoch 021 | train 1.2476 (RMSE RHI=0.1557, fcnm=0.1590) | val 1.2563 (RMSE RHI=0.1590, fcnm=0.1594) | lr=0.005
Epoch 022 | train 1.2563 (RMSE RHI=0.1569, fcnm=0.1596) | val 1.2742 (RMSE RHI=0.1600, fcnm=0.1607) | lr=0.005
Epoch 023 | train 1.2306 (RMSE RHI=0.1568, fcnm=0.1591) | val 1.2640 (RMSE RHI=0.1592, fcnm=0.1605) | lr=0.005
Epoch 024 | train 1.2482 (RMSE RHI=0.1550, fcnm=0.1576) | val 1.2386 (RMSE RHI=0.1580, fcnm=0.1581) | lr=0.005
Epoch 025 | train 1.2450 (RMSE RHI=0.1561, fcnm=0.1585) | val 1.2638 (RMSE RHI=0.1594, fcnm=0.1600) | lr=0.005
Epoch 026 | train 1.2302 (RMSE RHI=0.1587, fcnm=0.1590) | val 1.2676 (RMSE RHI=0.1598, fcnm=0.1600) | lr=0.005
Epoch 027 | train 1.2191 (RMSE RHI=0.1558, fcnm=0.1578) | val 1.2492 (RMSE RHI=0.1584, fcnm=0.1593) | lr=0.005
Epoch 028 | train 1.2055 (RMSE RHI=0.1547, fcnm=0.1571) | val 1.2297 (RMSE RHI=0.1572, fcnm=0.1580) | lr=0.005
Epoch 029 | train 1.2091 (RMSE RHI=0.1550, fcnm=0.1572) | val 1.2400 (RMSE RHI=0.1580, fcnm=0.1584) | lr=0.005
Epoch 030 | train 1.2206 (RMSE RHI=0.1532, fcnm=0.1561) | val 1.2386 (RMSE RHI=0.1577, fcnm=0.1586) | lr=0.005
Epoch 031 | train 1.1934 (RMSE RHI=0.1527, fcnm=0.1561) | val 1.2552 (RMSE RHI=0.1590, fcnm=0.1592) | lr=0.005
Epoch 032 | train 1.2300 (RMSE RHI=0.1527, fcnm=0.1564) | val 1.2340 (RMSE RHI=0.1577, fcnm=0.1579) | lr=0.005
Epoch 033 | train 1.1947 (RMSE RHI=0.1525, fcnm=0.1563) | val 1.2355 (RMSE RHI=0.1576, fcnm=0.1584) | lr=0.005
Epoch 034 | train 1.2168 (RMSE RHI=0.1534, fcnm=0.1559) | val 1.2292 (RMSE RHI=0.1570, fcnm=0.1582) | lr=0.005
Epoch 035 | train 1.1874 (RMSE RHI=0.1533, fcnm=0.1554) | val 1.2262 (RMSE RHI=0.1571, fcnm=0.1574) | lr=0.005
Epoch 036 | train 1.1980 (RMSE RHI=0.1503, fcnm=0.1540) | val 1.2118 (RMSE RHI=0.1561, fcnm=0.1566) | lr=0.005
Epoch 037 | train 1.1571 (RMSE RHI=0.1519, fcnm=0.1548) | val 1.2146 (RMSE RHI=0.1562, fcnm=0.1571) | lr=0.005
Epoch 038 | train 1.1807 (RMSE RHI=0.1532, fcnm=0.1562) | val 1.2136 (RMSE RHI=0.1562, fcnm=0.1568) | lr=0.005
Epoch 039 | train 1.1798 (RMSE RHI=0.1530, fcnm=0.1555) | val 1.2107 (RMSE RHI=0.1559, fcnm=0.1568) | lr=0.005
Epoch 040 | train 1.1777 (RMSE RHI=0.1516, fcnm=0.1542) | val 1.2074 (RMSE RHI=0.1558, fcnm=0.1565) | lr=0.005
Epoch 041 | train 1.1603 (RMSE RHI=0.1500, fcnm=0.1524) | val 1.1884 (RMSE RHI=0.1543, fcnm=0.1557) | lr=0.005
Epoch 042 | train 1.1719 (RMSE RHI=0.1496, fcnm=0.1526) | val 1.2145 (RMSE RHI=0.1563, fcnm=0.1568) | lr=0.005
Epoch 043 | train 1.1468 (RMSE RHI=0.1489, fcnm=0.1523) | val 1.1990 (RMSE RHI=0.1553, fcnm=0.1559) | lr=0.005
Epoch 044 | train 1.1295 (RMSE RHI=0.1509, fcnm=0.1549) | val 1.2137 (RMSE RHI=0.1559, fcnm=0.1574) | lr=0.005
Epoch 045 | train 1.1415 (RMSE RHI=0.1491, fcnm=0.1520) | val 1.1977 (RMSE RHI=0.1548, fcnm=0.1565) | lr=0.005
Epoch 046 | train 1.1360 (RMSE RHI=0.1483, fcnm=0.1526) | val 1.2037 (RMSE RHI=0.1553, fcnm=0.1567) | lr=0.005
Epoch 047 | train 1.1230 (RMSE RHI=0.1498, fcnm=0.1535) | val 1.2059 (RMSE RHI=0.1556, fcnm=0.1566) | lr=0.005
Epoch 048 | train 1.1189 (RMSE RHI=0.1485, fcnm=0.1523) | val 1.2049 (RMSE RHI=0.1554, fcnm=0.1567) | lr=0.005
Epoch 049 | train 1.1462 (RMSE RHI=0.1474, fcnm=0.1517) | val 1.2102 (RMSE RHI=0.1558, fcnm=0.1570) | lr=0.005
Epoch 050 | train 1.1382 (RMSE RHI=0.1476, fcnm=0.1514) | val 1.1935 (RMSE RHI=0.1547, fcnm=0.1560) | lr=0.005
Epoch 051 | train 1.1083 (RMSE RHI=0.1504, fcnm=0.1519) | val 1.2302 (RMSE RHI=0.1575, fcnm=0.1574) | lr=0.005
Epoch 052 | train 1.0982 (RMSE RHI=0.1459, fcnm=0.1497) | val 1.1733 (RMSE RHI=0.1532, fcnm=0.1550) | lr=0.005
Epoch 053 | train 1.0955 (RMSE RHI=0.1461, fcnm=0.1503) | val 1.1838 (RMSE RHI=0.1543, fcnm=0.1548) | lr=0.005
Epoch 054 | train 1.1027 (RMSE RHI=0.1447, fcnm=0.1495) | val 1.1769 (RMSE RHI=0.1534, fcnm=0.1552) | lr=0.005
Epoch 055 | train 1.0985 (RMSE RHI=0.1440, fcnm=0.1491) | val 1.1770 (RMSE RHI=0.1536, fcnm=0.1549) | lr=0.005
Epoch 056 | train 1.0706 (RMSE RHI=0.1449, fcnm=0.1491) | val 1.1841 (RMSE RHI=0.1543, fcnm=0.1549) | lr=0.005
Epoch 057 | train 1.1005 (RMSE RHI=0.1442, fcnm=0.1492) | val 1.1930 (RMSE RHI=0.1547, fcnm=0.1558) | lr=0.005
Epoch 058 | train 1.0782 (RMSE RHI=0.1420, fcnm=0.1479) | val 1.1760 (RMSE RHI=0.1534, fcnm=0.1552) | lr=0.005
Epoch 059 | train 1.0751 (RMSE RHI=0.1422, fcnm=0.1478) | val 1.1674 (RMSE RHI=0.1529, fcnm=0.1543) | lr=0.005
Epoch 060 | train 1.0738 (RMSE RHI=0.1471, fcnm=0.1514) | val 1.1958 (RMSE RHI=0.1549, fcnm=0.1560) | lr=0.005
Epoch 061 | train 1.0823 (RMSE RHI=0.1407, fcnm=0.1475) | val 1.1788 (RMSE RHI=0.1537, fcnm=0.1551) | lr=0.005
Epoch 062 | train 1.0646 (RMSE RHI=0.1406, fcnm=0.1471) | val 1.1926 (RMSE RHI=0.1548, fcnm=0.1556) | lr=0.005
Epoch 063 | train 1.0424 (RMSE RHI=0.1403, fcnm=0.1465) | val 1.1632 (RMSE RHI=0.1526, fcnm=0.1542) | lr=0.005
Epoch 064 | train 1.0630 (RMSE RHI=0.1414, fcnm=0.1473) | val 1.1670 (RMSE RHI=0.1527, fcnm=0.1547) | lr=0.005
Epoch 065 | train 1.0222 (RMSE RHI=0.1431, fcnm=0.1485) | val 1.1901 (RMSE RHI=0.1550, fcnm=0.1547) | lr=0.005
Epoch 066 | train 1.0622 (RMSE RHI=0.1409, fcnm=0.1461) | val 1.1746 (RMSE RHI=0.1536, fcnm=0.1544) | lr=0.005
Epoch 067 | train 1.0470 (RMSE RHI=0.1398, fcnm=0.1459) | val 1.1548 (RMSE RHI=0.1520, fcnm=0.1537) | lr=0.005
Epoch 068 | train 1.0564 (RMSE RHI=0.1441, fcnm=0.1484) | val 1.2277 (RMSE RHI=0.1573, fcnm=0.1573) | lr=0.005
Epoch 069 | train 1.0609 (RMSE RHI=0.1405, fcnm=0.1471) | val 1.1948 (RMSE RHI=0.1551, fcnm=0.1554) | lr=0.005
Epoch 070 | train 1.0088 (RMSE RHI=0.1405, fcnm=0.1467) | val 1.1806 (RMSE RHI=0.1540, fcnm=0.1549) | lr=0.005
Epoch 071 | train 1.0324 (RMSE RHI=0.1363, fcnm=0.1454) | val 1.1531 (RMSE RHI=0.1519, fcnm=0.1536) | lr=0.005
Epoch 072 | train 1.0243 (RMSE RHI=0.1371, fcnm=0.1451) | val 1.1557 (RMSE RHI=0.1521, fcnm=0.1536) | lr=0.005
Epoch 073 | train 1.0061 (RMSE RHI=0.1394, fcnm=0.1455) | val 1.1707 (RMSE RHI=0.1530, fcnm=0.1548) | lr=0.005
Epoch 074 | train 1.0187 (RMSE RHI=0.1426, fcnm=0.1475) | val 1.2023 (RMSE RHI=0.1556, fcnm=0.1558) | lr=0.005
Epoch 075 | train 1.0165 (RMSE RHI=0.1360, fcnm=0.1444) | val 1.1574 (RMSE RHI=0.1521, fcnm=0.1541) | lr=0.005
Epoch 076 | train 1.0198 (RMSE RHI=0.1377, fcnm=0.1444) | val 1.1654 (RMSE RHI=0.1528, fcnm=0.1543) | lr=0.005
Epoch 077 | train 1.0015 (RMSE RHI=0.1344, fcnm=0.1427) | val 1.1607 (RMSE RHI=0.1525, fcnm=0.1539) | lr=0.005
Epoch 078 | train 1.0031 (RMSE RHI=0.1345, fcnm=0.1427) | val 1.1656 (RMSE RHI=0.1529, fcnm=0.1541) | lr=0.005
Epoch 079 | train 1.0115 (RMSE RHI=0.1358, fcnm=0.1429) | val 1.1733 (RMSE RHI=0.1536, fcnm=0.1543) | lr=0.005
Epoch 080 | train 0.9951 (RMSE RHI=0.1352, fcnm=0.1434) | val 1.1681 (RMSE RHI=0.1528, fcnm=0.1548) | lr=0.005
Epoch 081 | train 0.9979 (RMSE RHI=0.1354, fcnm=0.1430) | val 1.1634 (RMSE RHI=0.1529, fcnm=0.1537) | lr=0.005
Epoch 082 | train 0.9817 (RMSE RHI=0.1347, fcnm=0.1430) | val 1.1779 (RMSE RHI=0.1537, fcnm=0.1548) | lr=0.005
Epoch 083 | train 0.9705 (RMSE RHI=0.1355, fcnm=0.1426) | val 1.1374 (RMSE RHI=0.1508, fcnm=0.1526) | lr=0.005
Epoch 084 | train 0.9759 (RMSE RHI=0.1313, fcnm=0.1403) | val 1.1396 (RMSE RHI=0.1508, fcnm=0.1531) | lr=0.005
Epoch 085 | train 0.9806 (RMSE RHI=0.1339, fcnm=0.1427) | val 1.1751 (RMSE RHI=0.1539, fcnm=0.1539) | lr=0.005
Epoch 086 | train 0.9802 (RMSE RHI=0.1326, fcnm=0.1420) | val 1.1624 (RMSE RHI=0.1529, fcnm=0.1535) | lr=0.005
Epoch 087 | train 0.9917 (RMSE RHI=0.1334, fcnm=0.1413) | val 1.1615 (RMSE RHI=0.1527, fcnm=0.1536) | lr=0.005
Epoch 088 | train 0.9710 (RMSE RHI=0.1309, fcnm=0.1415) | val 1.1764 (RMSE RHI=0.1537, fcnm=0.1545) | lr=0.005
Epoch 089 | train 0.9813 (RMSE RHI=0.1301, fcnm=0.1418) | val 1.1622 (RMSE RHI=0.1527, fcnm=0.1539) | lr=0.005
Epoch 090 | train 0.9742 (RMSE RHI=0.1313, fcnm=0.1416) | val 1.1706 (RMSE RHI=0.1528, fcnm=0.1552) | lr=0.005
Epoch 091 | train 0.9669 (RMSE RHI=0.1358, fcnm=0.1428) | val 1.1888 (RMSE RHI=0.1545, fcnm=0.1554) | lr=0.005
Epoch 092 | train 0.9578 (RMSE RHI=0.1306, fcnm=0.1411) | val 1.1710 (RMSE RHI=0.1532, fcnm=0.1545) | lr=0.005
Epoch 093 | train 0.9517 (RMSE RHI=0.1280, fcnm=0.1388) | val 1.1426 (RMSE RHI=0.1513, fcnm=0.1527) | lr=0.005
Epoch 094 | train 0.9403 (RMSE RHI=0.1283, fcnm=0.1388) | val 1.1561 (RMSE RHI=0.1521, fcnm=0.1539) | lr=0.005
Epoch 095 | train 0.9395 (RMSE RHI=0.1317, fcnm=0.1407) | val 1.1733 (RMSE RHI=0.1535, fcnm=0.1545) | lr=0.005
Epoch 096 | train 0.9387 (RMSE RHI=0.1299, fcnm=0.1407) | val 1.1507 (RMSE RHI=0.1518, fcnm=0.1533) | lr=0.005
Epoch 097 | train 0.9534 (RMSE RHI=0.1298, fcnm=0.1395) | val 1.1793 (RMSE RHI=0.1540, fcnm=0.1545) | lr=0.005
Epoch 098 | train 0.9297 (RMSE RHI=0.1275, fcnm=0.1390) | val 1.1690 (RMSE RHI=0.1532, fcnm=0.1541) | lr=0.005
Epoch 099 | train 0.9298 (RMSE RHI=0.1297, fcnm=0.1400) | val 1.1582 (RMSE RHI=0.1522, fcnm=0.1539) | lr=0.005
Epoch 100 | train 0.9336 (RMSE RHI=0.1335, fcnm=0.1420) | val 1.1736 (RMSE RHI=0.1538, fcnm=0.1539) | lr=0.005
Epoch 101 | train 0.9268 (RMSE RHI=0.1268, fcnm=0.1385) | val 1.1687 (RMSE RHI=0.1532, fcnm=0.1541) | lr=0.005
Epoch 102 | train 0.9288 (RMSE RHI=0.1278, fcnm=0.1387) | val 1.1586 (RMSE RHI=0.1524, fcnm=0.1537) | lr=0.005
Epoch 103 | train 0.9157 (RMSE RHI=0.1255, fcnm=0.1376) | val 1.1366 (RMSE RHI=0.1509, fcnm=0.1523) | lr=0.005
Epoch 104 | train 0.9182 (RMSE RHI=0.1275, fcnm=0.1378) | val 1.1566 (RMSE RHI=0.1522, fcnm=0.1536) | lr=0.005
Epoch 105 | train 0.9165 (RMSE RHI=0.1270, fcnm=0.1382) | val 1.1570 (RMSE RHI=0.1522, fcnm=0.1538) | lr=0.005
Epoch 106 | train 0.9351 (RMSE RHI=0.1264, fcnm=0.1373) | val 1.1439 (RMSE RHI=0.1514, fcnm=0.1528) | lr=0.005
Epoch 107 | train 0.9126 (RMSE RHI=0.1280, fcnm=0.1382) | val 1.1696 (RMSE RHI=0.1535, fcnm=0.1536) | lr=0.005
Epoch 108 | train 0.9145 (RMSE RHI=0.1246, fcnm=0.1365) | val 1.1537 (RMSE RHI=0.1520, fcnm=0.1534) | lr=0.005
Epoch 109 | train 0.9164 (RMSE RHI=0.1241, fcnm=0.1364) | val 1.1448 (RMSE RHI=0.1515, fcnm=0.1528) | lr=0.005
Epoch 110 | train 0.9019 (RMSE RHI=0.1230, fcnm=0.1366) | val 1.1424 (RMSE RHI=0.1511, fcnm=0.1531) | lr=0.005
Epoch 111 | train 0.8965 (RMSE RHI=0.1275, fcnm=0.1390) | val 1.1597 (RMSE RHI=0.1523, fcnm=0.1541) | lr=0.005
Epoch 112 | train 0.9113 (RMSE RHI=0.1250, fcnm=0.1376) | val 1.1398 (RMSE RHI=0.1509, fcnm=0.1531) | lr=0.005
Epoch 113 | train 0.8953 (RMSE RHI=0.1277, fcnm=0.1389) | val 1.1674 (RMSE RHI=0.1532, fcnm=0.1538) | lr=0.005
Epoch 114 | train 0.9078 (RMSE RHI=0.1257, fcnm=0.1377) | val 1.1595 (RMSE RHI=0.1524, fcnm=0.1539) | lr=0.005
Epoch 115 | train 0.8842 (RMSE RHI=0.1232, fcnm=0.1365) | val 1.1616 (RMSE RHI=0.1527, fcnm=0.1537) | lr=0.005
Epoch 116 | train 0.8955 (RMSE RHI=0.1206, fcnm=0.1346) | val 1.1630 (RMSE RHI=0.1527, fcnm=0.1539) | lr=0.005
Epoch 117 | train 0.8873 (RMSE RHI=0.1208, fcnm=0.1350) | val 1.1447 (RMSE RHI=0.1512, fcnm=0.1533) | lr=0.005
Epoch 118 | train 0.9001 (RMSE RHI=0.1226, fcnm=0.1358) | val 1.1763 (RMSE RHI=0.1540, fcnm=0.1539) | lr=0.005
Epoch 119 | train 0.8878 (RMSE RHI=0.1216, fcnm=0.1362) | val 1.1656 (RMSE RHI=0.1530, fcnm=0.1539) | lr=0.005
Epoch 120 | train 0.8818 (RMSE RHI=0.1217, fcnm=0.1359) | val 1.1655 (RMSE RHI=0.1532, fcnm=0.1535) | lr=0.005
Epoch 121 | train 0.8797 (RMSE RHI=0.1211, fcnm=0.1352) | val 1.1565 (RMSE RHI=0.1522, fcnm=0.1537) | lr=0.005
Epoch 122 | train 0.8911 (RMSE RHI=0.1218, fcnm=0.1363) | val 1.1617 (RMSE RHI=0.1527, fcnm=0.1537) | lr=0.005
Epoch 123 | train 0.8787 (RMSE RHI=0.1202, fcnm=0.1345) | val 1.1729 (RMSE RHI=0.1535, fcnm=0.1542) | lr=0.005
Epoch 124 | train 0.8610 (RMSE RHI=0.1230, fcnm=0.1357) | val 1.1800 (RMSE RHI=0.1542, fcnm=0.1544) | lr=0.0025
Epoch 125 | train 0.8387 (RMSE RHI=0.1203, fcnm=0.1347) | val 1.1732 (RMSE RHI=0.1537, fcnm=0.1539) | lr=0.0025
Epoch 126 | train 0.8292 (RMSE RHI=0.1143, fcnm=0.1308) | val 1.1602 (RMSE RHI=0.1527, fcnm=0.1534) | lr=0.0025
Epoch 127 | train 0.8210 (RMSE RHI=0.1163, fcnm=0.1313) | val 1.1487 (RMSE RHI=0.1518, fcnm=0.1530) | lr=0.0025
Epoch 128 | train 0.8021 (RMSE RHI=0.1142, fcnm=0.1311) | val 1.1432 (RMSE RHI=0.1512, fcnm=0.1529) | lr=0.0025
Epoch 129 | train 0.8354 (RMSE RHI=0.1128, fcnm=0.1298) | val 1.1648 (RMSE RHI=0.1531, fcnm=0.1534) | lr=0.0025
Epoch 130 | train 0.8067 (RMSE RHI=0.1137, fcnm=0.1300) | val 1.1480 (RMSE RHI=0.1517, fcnm=0.1531) | lr=0.0025
Epoch 131 | train 0.8026 (RMSE RHI=0.1128, fcnm=0.1303) | val 1.1263 (RMSE RHI=0.1502, fcnm=0.1516) | lr=0.0025
Epoch 132 | train 0.7985 (RMSE RHI=0.1124, fcnm=0.1296) | val 1.1441 (RMSE RHI=0.1515, fcnm=0.1526) | lr=0.0025
Epoch 133 | train 0.7930 (RMSE RHI=0.1146, fcnm=0.1306) | val 1.1544 (RMSE RHI=0.1523, fcnm=0.1530) | lr=0.0025
Epoch 134 | train 0.8085 (RMSE RHI=0.1115, fcnm=0.1296) | val 1.1433 (RMSE RHI=0.1516, fcnm=0.1523) | lr=0.0025
Epoch 135 | train 0.8094 (RMSE RHI=0.1143, fcnm=0.1299) | val 1.1715 (RMSE RHI=0.1537, fcnm=0.1536) | lr=0.0025
Epoch 136 | train 0.8024 (RMSE RHI=0.1096, fcnm=0.1280) | val 1.1516 (RMSE RHI=0.1521, fcnm=0.1529) | lr=0.0025
Epoch 137 | train 0.7976 (RMSE RHI=0.1119, fcnm=0.1283) | val 1.1653 (RMSE RHI=0.1531, fcnm=0.1537) | lr=0.0025
Epoch 138 | train 0.7921 (RMSE RHI=0.1117, fcnm=0.1295) | val 1.1715 (RMSE RHI=0.1536, fcnm=0.1538) | lr=0.0025
Epoch 139 | train 0.8000 (RMSE RHI=0.1109, fcnm=0.1290) | val 1.1698 (RMSE RHI=0.1536, fcnm=0.1536) | lr=0.0025
Epoch 140 | train 0.8015 (RMSE RHI=0.1099, fcnm=0.1288) | val 1.1472 (RMSE RHI=0.1518, fcnm=0.1526) | lr=0.0025
Epoch 141 | train 0.8000 (RMSE RHI=0.1101, fcnm=0.1278) | val 1.1437 (RMSE RHI=0.1517, fcnm=0.1522) | lr=0.0025
Epoch 142 | train 0.7906 (RMSE RHI=0.1089, fcnm=0.1277) | val 1.1542 (RMSE RHI=0.1525, fcnm=0.1526) | lr=0.0025
Epoch 143 | train 0.7914 (RMSE RHI=0.1080, fcnm=0.1274) | val 1.1478 (RMSE RHI=0.1520, fcnm=0.1523) | lr=0.0025
Epoch 144 | train 0.7832 (RMSE RHI=0.1100, fcnm=0.1276) | val 1.1478 (RMSE RHI=0.1520, fcnm=0.1523) | lr=0.0025
Epoch 145 | train 0.7774 (RMSE RHI=0.1078, fcnm=0.1263) | val 1.1400 (RMSE RHI=0.1512, fcnm=0.1524) | lr=0.0025
Epoch 146 | train 0.7732 (RMSE RHI=0.1080, fcnm=0.1268) | val 1.1428 (RMSE RHI=0.1515, fcnm=0.1523) | lr=0.0025
Epoch 147 | train 0.7954 (RMSE RHI=0.1089, fcnm=0.1277) | val 1.1688 (RMSE RHI=0.1535, fcnm=0.1536) | lr=0.0025
Epoch 148 | train 0.7760 (RMSE RHI=0.1081, fcnm=0.1269) | val 1.1492 (RMSE RHI=0.1519, fcnm=0.1527) | lr=0.0025
Epoch 149 | train 0.7702 (RMSE RHI=0.1063, fcnm=0.1270) | val 1.1597 (RMSE RHI=0.1529, fcnm=0.1529) | lr=0.0025
Epoch 150 | train 0.7600 (RMSE RHI=0.1080, fcnm=0.1275) | val 1.1460 (RMSE RHI=0.1517, fcnm=0.1526) | lr=0.0025
Epoch 151 | train 0.7685 (RMSE RHI=0.1059, fcnm=0.1258) | val 1.1525 (RMSE RHI=0.1522, fcnm=0.1529) | lr=0.0025
Epoch 152 | train 0.7708 (RMSE RHI=0.1058, fcnm=0.1269) | val 1.1411 (RMSE RHI=0.1514, fcnm=0.1523) | lr=0.00125
Epoch 153 | train 0.7432 (RMSE RHI=0.1040, fcnm=0.1252) | val 1.1387 (RMSE RHI=0.1512, fcnm=0.1522) | lr=0.00125
Epoch 154 | train 0.7458 (RMSE RHI=0.1032, fcnm=0.1247) | val 1.1462 (RMSE RHI=0.1516, fcnm=0.1529) | lr=0.00125
Epoch 155 | train 0.7403 (RMSE RHI=0.1031, fcnm=0.1242) | val 1.1478 (RMSE RHI=0.1516, fcnm=0.1531) | lr=0.00125
Epoch 156 | train 0.7262 (RMSE RHI=0.1033, fcnm=0.1239) | val 1.1559 (RMSE RHI=0.1525, fcnm=0.1530) | lr=0.00125
Epoch 157 | train 0.7408 (RMSE RHI=0.1026, fcnm=0.1237) | val 1.1456 (RMSE RHI=0.1517, fcnm=0.1524) | lr=0.00125
Epoch 158 | train 0.7330 (RMSE RHI=0.1023, fcnm=0.1244) | val 1.1466 (RMSE RHI=0.1517, fcnm=0.1526) | lr=0.00125
Epoch 159 | train 0.7463 (RMSE RHI=0.1010, fcnm=0.1235) | val 1.1382 (RMSE RHI=0.1512, fcnm=0.1521) | lr=0.00125
Epoch 160 | train 0.7289 (RMSE RHI=0.1011, fcnm=0.1238) | val 1.1539 (RMSE RHI=0.1524, fcnm=0.1527) | lr=0.00125
Epoch 161 | train 0.7298 (RMSE RHI=0.1020, fcnm=0.1243) | val 1.1498 (RMSE RHI=0.1520, fcnm=0.1528) | lr=0.00125
Early stopping.
Saved training log to: results/5_training_log20251120_175412.csv
Saved predictions to results/5_test_predictions.csv
Saved figure to: figs/5_pred_vs_true_20251120_175412.png
